2025-06-15 19:58:33,846 - INFO - Processing story ID: 1lbnxm2
2025-06-15 19:58:48,944 - INFO - Generated audio: audio_files/story_1.mp3
2025-06-15 19:58:48,944 - INFO - Processing story ID: 1lb98nx
2025-06-15 19:58:57,745 - INFO - Generated audio: audio_files/story_2.mp3
2025-06-15 19:58:57,745 - INFO - Processing story ID: 1lc1sr6
2025-06-15 19:59:06,336 - INFO - Generated audio: audio_files/story_3.mp3
2025-06-15 19:59:06,336 - INFO - Processing story ID: 1lamn5q
2025-06-15 19:59:15,879 - INFO - Generated audio: audio_files/story_4.mp3
2025-06-15 19:59:15,879 - INFO - Processing story ID: 1lcbfbh
2025-06-15 19:59:24,757 - INFO - Generated audio: audio_files/story_5.mp3
2025-06-15 19:59:24,757 - INFO - Processing story ID: 1lby7vp
2025-06-15 19:59:31,466 - INFO - Generated audio: audio_files/story_6.mp3
2025-06-15 19:59:31,466 - INFO - Processing story ID: 1lblt1p
2025-06-15 19:59:41,730 - INFO - Generated audio: audio_files/story_7.mp3
2025-06-15 19:59:41,730 - INFO - Processing story ID: 1lc4ptm
2025-06-15 19:59:50,808 - INFO - Generated audio: audio_files/story_8.mp3
2025-06-15 19:59:50,809 - INFO - Processing story ID: 1lc8q79
2025-06-15 20:00:00,705 - INFO - Generated audio: audio_files/story_9.mp3
2025-06-15 20:00:00,706 - INFO - Processing story ID: 1lc1lbn
2025-06-15 20:00:09,277 - INFO - Generated audio: audio_files/story_10.mp3
