2025-06-15 19:54:18,970 - INFO - Processing story ID: 1lbnxm2
2025-06-15 19:54:21,163 - INFO - Processing story ID: 1lb98nx
2025-06-15 19:54:24,017 - INFO - Processing story ID: 1lc1sr6
2025-06-15 19:54:26,533 - INFO - Processing story ID: 1lamn5q
2025-06-15 19:54:29,589 - INFO - Processing story ID: 1lcbfbh
2025-06-15 19:54:32,568 - INFO - Processing story ID: 1lby7vp
2025-06-15 19:54:35,831 - INFO - Processing story ID: 1lblt1p
2025-06-15 19:54:39,052 - INFO - Processing story ID: 1lc4ptm
2025-06-15 19:54:41,848 - INFO - Processing story ID: 1lc8q79
2025-06-15 19:54:44,794 - INFO - Processing story ID: 1lc1lbn
2025-06-15 19:54:48,282 - INFO - Saved 10 processed stories to reddit_stories_hindi_romanized.json
2025-06-15 19:56:13,906 - INFO - Processing story ID: 1lbnxm2
2025-06-15 19:56:14,265 - INFO - Processing story ID: 1lb98nx
2025-06-15 19:56:14,615 - INFO - Processing story ID: 1lc1sr6
2025-06-15 19:56:14,960 - INFO - Processing story ID: 1lamn5q
2025-06-15 19:56:15,315 - INFO - Processing story ID: 1lcbfbh
2025-06-15 19:56:15,706 - INFO - Processing story ID: 1lby7vp
2025-06-15 19:56:16,071 - INFO - Processing story ID: 1lblt1p
2025-06-15 19:56:16,426 - INFO - Processing story ID: 1lc4ptm
2025-06-15 19:56:16,794 - INFO - Processing story ID: 1lc8q79
2025-06-15 19:56:17,160 - INFO - Processing story ID: 1lc1lbn
2025-06-15 19:56:17,569 - INFO - Saved 10 processed stories to reddit_stories_hindi_romanized.json
